This is pdfTeX, Version 3.14159265-2.6-1.40.19 (TeX Live 2018/Arch Linux) (preloaded format=pdftex 2019.4.29)  11 MAY 2019 22:22
entering extended mode
 restricted \write18 enabled.
 %&-line parsing enabled.
**aufgabe_d.tex
(./aufgabe_d.tex
! Undefined control sequence.
l.1 \documentclass
                  {article}
? 
! Interruption.
<to be read again> 
                   {
l.1 \documentclass{
                   article}
? 
! Undefined control sequence.
l.2 \begin
          {document}
? 
! Undefined control sequence.
l.5 $\pi(x) = Li(x) - \frac
                           {1}{2}Li(x^{1/2})$
? 
[1{/var/lib/texmf/fonts/map/pdftex/updmap/pdftex.map}] )</usr/share/texmf-dist/
fonts/type1/public/amsfonts/cm/cmmi10.pfb></usr/share/texmf-dist/fonts/type1/pu
blic/amsfonts/cm/cmmi7.pfb></usr/share/texmf-dist/fonts/type1/public/amsfonts/c
m/cmr10.pfb></usr/share/texmf-dist/fonts/type1/public/amsfonts/cm/cmr7.pfb></us
r/share/texmf-dist/fonts/type1/public/amsfonts/cm/cmsy10.pfb>
Output written on aufgabe_d.pdf (1 page, 45498 bytes).
PDF statistics:
 28 PDF objects out of 1000 (max. 8388607)
 19 compressed objects within 1 object stream
 0 named destinations out of 1000 (max. 500000)
 1 words of extra memory for PDF output out of 10000 (max. 10000000)

